{"total": {"lines":{"total":63,"covered":63,"skipped":0,"pct":100},"statements":{"total":63,"covered":63,"skipped":0,"pct":100},"functions":{"total":1,"covered":1,"skipped":0,"pct":100},"branches":{"total":15,"covered":15,"skipped":0,"pct":100},"branchesTrue":{"total":0,"covered":0,"skipped":0,"pct":"Unknown"}}
,"C:\\Users\\jmass\\pg_sage\\sidecar\\web\\src\\components\\ConfigTooltip.jsx": {"lines":{"total":63,"covered":63,"skipped":0,"pct":100},"functions":{"total":1,"covered":1,"skipped":0,"pct":100},"statements":{"total":63,"covered":63,"skipped":0,"pct":100},"branches":{"total":15,"covered":15,"skipped":0,"pct":100}}
}
